<?xml version="1.0" encoding="UTF-8"?>
<!-- Generated by org.testng.reporters.JUnitReportReporter -->
<testsuite hostname="BRILAP1418" failures="0" tests="304" name="com.fusion.block1.GetExcels" time="13730.684" errors="0" timestamp="2021-10-28T02:23:19 IST" skipped="0">
  <testcase classname="com.fusion.block1.GetExcels" name="loginApp" time="45.092"/>
  <system-out/>
  <testcase classname="com.fusion.block1.GetExcels" name="loginApp" time="50.567"/>
  <system-out/>
  <testcase classname="com.fusion.block1.GetExcels" name="loginApp" time="45.911"/>
  <system-out/>
  <testcase classname="com.fusion.block1.GetExcels" name="loginApp" time="45.329"/>
  <system-out/>
  <testcase classname="com.fusion.block1.GetExcels" name="loginApp" time="45.613"/>
  <system-out/>
  <testcase classname="com.fusion.block1.GetExcels" name="loginApp" time="45.422"/>
  <system-out/>
  <testcase classname="com.fusion.block1.GetExcels" name="loginApp" time="44.791"/>
  <system-out/>
  <testcase classname="com.fusion.block1.GetExcels" name="loginApp" time="44.714"/>
  <system-out/>
  <testcase classname="com.fusion.block1.GetExcels" name="loginApp" time="46.185"/>
  <system-out/>
  <testcase classname="com.fusion.block1.GetExcels" name="loginApp" time="44.493"/>
  <system-out/>
  <testcase classname="com.fusion.block1.GetExcels" name="loginApp" time="43.695"/>
  <system-out/>
  <testcase classname="com.fusion.block1.GetExcels" name="loginApp" time="44.201"/>
  <system-out/>
  <testcase classname="com.fusion.block1.GetExcels" name="loginApp" time="43.862"/>
  <system-out/>
  <testcase classname="com.fusion.block1.GetExcels" name="loginApp" time="43.794"/>
  <system-out/>
  <testcase classname="com.fusion.block1.GetExcels" name="loginApp" time="45.908"/>
  <system-out/>
  <testcase classname="com.fusion.block1.GetExcels" name="loginApp" time="45.049"/>
  <system-out/>
  <testcase classname="com.fusion.block1.GetExcels" name="loginApp" time="43.770"/>
  <system-out/>
  <testcase classname="com.fusion.block1.GetExcels" name="loginApp" time="43.824"/>
  <system-out/>
  <testcase classname="com.fusion.block1.GetExcels" name="loginApp" time="44.523"/>
  <system-out/>
  <testcase classname="com.fusion.block1.GetExcels" name="loginApp" time="44.223"/>
  <system-out/>
  <testcase classname="com.fusion.block1.GetExcels" name="loginApp" time="45.221"/>
  <system-out/>
  <testcase classname="com.fusion.block1.GetExcels" name="loginApp" time="44.413"/>
  <system-out/>
  <testcase classname="com.fusion.block1.GetExcels" name="loginApp" time="44.052"/>
  <system-out/>
  <testcase classname="com.fusion.block1.GetExcels" name="loginApp" time="42.836"/>
  <system-out/>
  <testcase classname="com.fusion.block1.GetExcels" name="loginApp" time="45.699"/>
  <system-out/>
  <testcase classname="com.fusion.block1.GetExcels" name="loginApp" time="45.227"/>
  <system-out/>
  <testcase classname="com.fusion.block1.GetExcels" name="loginApp" time="42.140"/>
  <system-out/>
  <testcase classname="com.fusion.block1.GetExcels" name="loginApp" time="45.358"/>
  <system-out/>
  <testcase classname="com.fusion.block1.GetExcels" name="loginApp" time="45.404"/>
  <system-out/>
  <testcase classname="com.fusion.block1.GetExcels" name="loginApp" time="44.048"/>
  <system-out/>
  <testcase classname="com.fusion.block1.GetExcels" name="loginApp" time="45.430"/>
  <system-out/>
  <testcase classname="com.fusion.block1.GetExcels" name="loginApp" time="43.953"/>
  <system-out/>
  <testcase classname="com.fusion.block1.GetExcels" name="loginApp" time="44.035"/>
  <system-out/>
  <testcase classname="com.fusion.block1.GetExcels" name="loginApp" time="45.285"/>
  <system-out/>
  <testcase classname="com.fusion.block1.GetExcels" name="loginApp" time="45.876"/>
  <system-out/>
  <testcase classname="com.fusion.block1.GetExcels" name="loginApp" time="45.983"/>
  <system-out/>
  <testcase classname="com.fusion.block1.GetExcels" name="loginApp" time="44.666"/>
  <system-out/>
  <testcase classname="com.fusion.block1.GetExcels" name="loginApp" time="45.921"/>
  <system-out/>
  <testcase classname="com.fusion.block1.GetExcels" name="loginApp" time="45.141"/>
  <system-out/>
  <testcase classname="com.fusion.block1.GetExcels" name="loginApp" time="44.377"/>
  <system-out/>
  <testcase classname="com.fusion.block1.GetExcels" name="loginApp" time="44.822"/>
  <system-out/>
  <testcase classname="com.fusion.block1.GetExcels" name="loginApp" time="44.971"/>
  <system-out/>
  <testcase classname="com.fusion.block1.GetExcels" name="loginApp" time="46.137"/>
  <system-out/>
  <testcase classname="com.fusion.block1.GetExcels" name="loginApp" time="46.748"/>
  <system-out/>
  <testcase classname="com.fusion.block1.GetExcels" name="loginApp" time="44.609"/>
  <system-out/>
  <testcase classname="com.fusion.block1.GetExcels" name="loginApp" time="44.489"/>
  <system-out/>
  <testcase classname="com.fusion.block1.GetExcels" name="loginApp" time="44.987"/>
  <system-out/>
  <testcase classname="com.fusion.block1.GetExcels" name="loginApp" time="44.072"/>
  <system-out/>
  <testcase classname="com.fusion.block1.GetExcels" name="loginApp" time="45.743"/>
  <system-out/>
  <testcase classname="com.fusion.block1.GetExcels" name="loginApp" time="44.806"/>
  <system-out/>
  <testcase classname="com.fusion.block1.GetExcels" name="loginApp" time="44.239"/>
  <system-out/>
  <testcase classname="com.fusion.block1.GetExcels" name="loginApp" time="44.780"/>
  <system-out/>
  <testcase classname="com.fusion.block1.GetExcels" name="loginApp" time="45.367"/>
  <system-out/>
  <testcase classname="com.fusion.block1.GetExcels" name="loginApp" time="44.671"/>
  <system-out/>
  <testcase classname="com.fusion.block1.GetExcels" name="loginApp" time="45.333"/>
  <system-out/>
  <testcase classname="com.fusion.block1.GetExcels" name="loginApp" time="44.300"/>
  <system-out/>
  <testcase classname="com.fusion.block1.GetExcels" name="loginApp" time="45.354"/>
  <system-out/>
  <testcase classname="com.fusion.block1.GetExcels" name="loginApp" time="44.262"/>
  <system-out/>
  <testcase classname="com.fusion.block1.GetExcels" name="loginApp" time="45.684"/>
  <system-out/>
  <testcase classname="com.fusion.block1.GetExcels" name="loginApp" time="44.445"/>
  <system-out/>
  <testcase classname="com.fusion.block1.GetExcels" name="loginApp" time="45.265"/>
  <system-out/>
  <testcase classname="com.fusion.block1.GetExcels" name="loginApp" time="43.935"/>
  <system-out/>
  <testcase classname="com.fusion.block1.GetExcels" name="loginApp" time="42.610"/>
  <system-out/>
  <testcase classname="com.fusion.block1.GetExcels" name="loginApp" time="46.273"/>
  <system-out/>
  <testcase classname="com.fusion.block1.GetExcels" name="loginApp" time="44.607"/>
  <system-out/>
  <testcase classname="com.fusion.block1.GetExcels" name="loginApp" time="44.556"/>
  <system-out/>
  <testcase classname="com.fusion.block1.GetExcels" name="loginApp" time="45.249"/>
  <system-out/>
  <testcase classname="com.fusion.block1.GetExcels" name="loginApp" time="48.184"/>
  <system-out/>
  <testcase classname="com.fusion.block1.GetExcels" name="loginApp" time="44.218"/>
  <system-out/>
  <testcase classname="com.fusion.block1.GetExcels" name="loginApp" time="47.341"/>
  <system-out/>
  <testcase classname="com.fusion.block1.GetExcels" name="loginApp" time="44.465"/>
  <system-out/>
  <testcase classname="com.fusion.block1.GetExcels" name="loginApp" time="44.715"/>
  <system-out/>
  <testcase classname="com.fusion.block1.GetExcels" name="loginApp" time="44.731"/>
  <system-out/>
  <testcase classname="com.fusion.block1.GetExcels" name="loginApp" time="44.051"/>
  <system-out/>
  <testcase classname="com.fusion.block1.GetExcels" name="loginApp" time="44.393"/>
  <system-out/>
  <testcase classname="com.fusion.block1.GetExcels" name="loginApp" time="44.834"/>
  <system-out/>
  <testcase classname="com.fusion.block1.GetExcels" name="loginApp" time="43.651"/>
  <system-out/>
  <testcase classname="com.fusion.block1.GetExcels" name="loginApp" time="46.581"/>
  <system-out/>
  <testcase classname="com.fusion.block1.GetExcels" name="loginApp" time="44.589"/>
  <system-out/>
  <testcase classname="com.fusion.block1.GetExcels" name="loginApp" time="42.693"/>
  <system-out/>
  <testcase classname="com.fusion.block1.GetExcels" name="loginApp" time="47.871"/>
  <system-out/>
  <testcase classname="com.fusion.block1.GetExcels" name="loginApp" time="46.809"/>
  <system-out/>
  <testcase classname="com.fusion.block1.GetExcels" name="loginApp" time="45.669"/>
  <system-out/>
  <testcase classname="com.fusion.block1.GetExcels" name="loginApp" time="44.897"/>
  <system-out/>
  <testcase classname="com.fusion.block1.GetExcels" name="loginApp" time="44.987"/>
  <system-out/>
  <testcase classname="com.fusion.block1.GetExcels" name="loginApp" time="47.624"/>
  <system-out/>
  <testcase classname="com.fusion.block1.GetExcels" name="loginApp" time="45.336"/>
  <system-out/>
  <testcase classname="com.fusion.block1.GetExcels" name="loginApp" time="44.365"/>
  <system-out/>
  <testcase classname="com.fusion.block1.GetExcels" name="loginApp" time="45.604"/>
  <system-out/>
  <testcase classname="com.fusion.block1.GetExcels" name="loginApp" time="45.156"/>
  <system-out/>
  <testcase classname="com.fusion.block1.GetExcels" name="loginApp" time="44.866"/>
  <system-out/>
  <testcase classname="com.fusion.block1.GetExcels" name="loginApp" time="45.609"/>
  <system-out/>
  <testcase classname="com.fusion.block1.GetExcels" name="loginApp" time="45.500"/>
  <system-out/>
  <testcase classname="com.fusion.block1.GetExcels" name="loginApp" time="45.430"/>
  <system-out/>
  <testcase classname="com.fusion.block1.GetExcels" name="loginApp" time="46.140"/>
  <system-out/>
  <testcase classname="com.fusion.block1.GetExcels" name="loginApp" time="45.268"/>
  <system-out/>
  <testcase classname="com.fusion.block1.GetExcels" name="loginApp" time="44.998"/>
  <system-out/>
  <testcase classname="com.fusion.block1.GetExcels" name="loginApp" time="42.542"/>
  <system-out/>
  <testcase classname="com.fusion.block1.GetExcels" name="loginApp" time="46.805"/>
  <system-out/>
  <testcase classname="com.fusion.block1.GetExcels" name="loginApp" time="47.929"/>
  <system-out/>
  <testcase classname="com.fusion.block1.GetExcels" name="loginApp" time="45.886"/>
  <system-out/>
  <testcase classname="com.fusion.block1.GetExcels" name="loginApp" time="46.076"/>
  <system-out/>
  <testcase classname="com.fusion.block1.GetExcels" name="loginApp" time="72.760"/>
  <system-out/>
  <testcase classname="com.fusion.block1.GetExcels" name="loginApp" time="43.069"/>
  <system-out/>
  <testcase classname="com.fusion.block1.GetExcels" name="loginApp" time="44.861"/>
  <system-out/>
  <testcase classname="com.fusion.block1.GetExcels" name="loginApp" time="44.740"/>
  <system-out/>
  <testcase classname="com.fusion.block1.GetExcels" name="loginApp" time="45.107"/>
  <system-out/>
  <testcase classname="com.fusion.block1.GetExcels" name="loginApp" time="45.061"/>
  <system-out/>
  <testcase classname="com.fusion.block1.GetExcels" name="loginApp" time="45.680"/>
  <system-out/>
  <testcase classname="com.fusion.block1.GetExcels" name="loginApp" time="43.258"/>
  <system-out/>
  <testcase classname="com.fusion.block1.GetExcels" name="loginApp" time="44.428"/>
  <system-out/>
  <testcase classname="com.fusion.block1.GetExcels" name="loginApp" time="44.731"/>
  <system-out/>
  <testcase classname="com.fusion.block1.GetExcels" name="loginApp" time="46.937"/>
  <system-out/>
  <testcase classname="com.fusion.block1.GetExcels" name="loginApp" time="44.425"/>
  <system-out/>
  <testcase classname="com.fusion.block1.GetExcels" name="loginApp" time="45.060"/>
  <system-out/>
  <testcase classname="com.fusion.block1.GetExcels" name="loginApp" time="45.394"/>
  <system-out/>
  <testcase classname="com.fusion.block1.GetExcels" name="loginApp" time="45.306"/>
  <system-out/>
  <testcase classname="com.fusion.block1.GetExcels" name="loginApp" time="43.910"/>
  <system-out/>
  <testcase classname="com.fusion.block1.GetExcels" name="loginApp" time="44.764"/>
  <system-out/>
  <testcase classname="com.fusion.block1.GetExcels" name="loginApp" time="46.242"/>
  <system-out/>
  <testcase classname="com.fusion.block1.GetExcels" name="loginApp" time="49.575"/>
  <system-out/>
  <testcase classname="com.fusion.block1.GetExcels" name="loginApp" time="44.422"/>
  <system-out/>
  <testcase classname="com.fusion.block1.GetExcels" name="loginApp" time="45.557"/>
  <system-out/>
  <testcase classname="com.fusion.block1.GetExcels" name="loginApp" time="45.800"/>
  <system-out/>
  <testcase classname="com.fusion.block1.GetExcels" name="loginApp" time="45.056"/>
  <system-out/>
  <testcase classname="com.fusion.block1.GetExcels" name="loginApp" time="45.526"/>
  <system-out/>
  <testcase classname="com.fusion.block1.GetExcels" name="loginApp" time="45.520"/>
  <system-out/>
  <testcase classname="com.fusion.block1.GetExcels" name="loginApp" time="46.299"/>
  <system-out/>
  <testcase classname="com.fusion.block1.GetExcels" name="loginApp" time="44.298"/>
  <system-out/>
  <testcase classname="com.fusion.block1.GetExcels" name="loginApp" time="45.701"/>
  <system-out/>
  <testcase classname="com.fusion.block1.GetExcels" name="loginApp" time="43.731"/>
  <system-out/>
  <testcase classname="com.fusion.block1.GetExcels" name="loginApp" time="44.548"/>
  <system-out/>
  <testcase classname="com.fusion.block1.GetExcels" name="loginApp" time="45.405"/>
  <system-out/>
  <testcase classname="com.fusion.block1.GetExcels" name="loginApp" time="44.251"/>
  <system-out/>
  <testcase classname="com.fusion.block1.GetExcels" name="loginApp" time="43.977"/>
  <system-out/>
  <testcase classname="com.fusion.block1.GetExcels" name="loginApp" time="45.663"/>
  <system-out/>
  <testcase classname="com.fusion.block1.GetExcels" name="loginApp" time="44.339"/>
  <system-out/>
  <testcase classname="com.fusion.block1.GetExcels" name="loginApp" time="43.845"/>
  <system-out/>
  <testcase classname="com.fusion.block1.GetExcels" name="loginApp" time="44.798"/>
  <system-out/>
  <testcase classname="com.fusion.block1.GetExcels" name="loginApp" time="44.966"/>
  <system-out/>
  <testcase classname="com.fusion.block1.GetExcels" name="loginApp" time="46.111"/>
  <system-out/>
  <testcase classname="com.fusion.block1.GetExcels" name="loginApp" time="45.241"/>
  <system-out/>
  <testcase classname="com.fusion.block1.GetExcels" name="loginApp" time="46.966"/>
  <system-out/>
  <testcase classname="com.fusion.block1.GetExcels" name="loginApp" time="45.379"/>
  <system-out/>
  <testcase classname="com.fusion.block1.GetExcels" name="loginApp" time="44.091"/>
  <system-out/>
  <testcase classname="com.fusion.block1.GetExcels" name="loginApp" time="45.274"/>
  <system-out/>
  <testcase classname="com.fusion.block1.GetExcels" name="loginApp" time="49.013"/>
  <system-out/>
  <testcase classname="com.fusion.block1.GetExcels" name="loginApp" time="45.001"/>
  <system-out/>
  <testcase classname="com.fusion.block1.GetExcels" name="loginApp" time="44.706"/>
  <system-out/>
  <testcase classname="com.fusion.block1.GetExcels" name="loginApp" time="45.814"/>
  <system-out/>
  <testcase classname="com.fusion.block1.GetExcels" name="loginApp" time="43.075"/>
  <system-out/>
  <testcase classname="com.fusion.block1.GetExcels" name="loginApp" time="44.335"/>
  <system-out/>
  <testcase classname="com.fusion.block1.GetExcels" name="loginApp" time="44.723"/>
  <system-out/>
  <testcase classname="com.fusion.block1.GetExcels" name="loginApp" time="44.333"/>
  <system-out/>
  <testcase classname="com.fusion.block1.GetExcels" name="loginApp" time="45.510"/>
  <system-out/>
  <testcase classname="com.fusion.block1.GetExcels" name="loginApp" time="45.117"/>
  <system-out/>
  <testcase classname="com.fusion.block1.GetExcels" name="loginApp" time="45.151"/>
  <system-out/>
  <testcase classname="com.fusion.block1.GetExcels" name="loginApp" time="45.831"/>
  <system-out/>
  <testcase classname="com.fusion.block1.GetExcels" name="loginApp" time="44.477"/>
  <system-out/>
  <testcase classname="com.fusion.block1.GetExcels" name="loginApp" time="45.410"/>
  <system-out/>
  <testcase classname="com.fusion.block1.GetExcels" name="loginApp" time="44.737"/>
  <system-out/>
  <testcase classname="com.fusion.block1.GetExcels" name="loginApp" time="45.270"/>
  <system-out/>
  <testcase classname="com.fusion.block1.GetExcels" name="loginApp" time="45.718"/>
  <system-out/>
  <testcase classname="com.fusion.block1.GetExcels" name="loginApp" time="44.428"/>
  <system-out/>
  <testcase classname="com.fusion.block1.GetExcels" name="loginApp" time="44.010"/>
  <system-out/>
  <testcase classname="com.fusion.block1.GetExcels" name="loginApp" time="44.285"/>
  <system-out/>
  <testcase classname="com.fusion.block1.GetExcels" name="loginApp" time="46.760"/>
  <system-out/>
  <testcase classname="com.fusion.block1.GetExcels" name="loginApp" time="44.872"/>
  <system-out/>
  <testcase classname="com.fusion.block1.GetExcels" name="loginApp" time="44.321"/>
  <system-out/>
  <testcase classname="com.fusion.block1.GetExcels" name="loginApp" time="44.288"/>
  <system-out/>
  <testcase classname="com.fusion.block1.GetExcels" name="loginApp" time="44.208"/>
  <system-out/>
  <testcase classname="com.fusion.block1.GetExcels" name="loginApp" time="44.604"/>
  <system-out/>
  <testcase classname="com.fusion.block1.GetExcels" name="loginApp" time="43.735"/>
  <system-out/>
  <testcase classname="com.fusion.block1.GetExcels" name="loginApp" time="42.493"/>
  <system-out/>
  <testcase classname="com.fusion.block1.GetExcels" name="loginApp" time="45.002"/>
  <system-out/>
  <testcase classname="com.fusion.block1.GetExcels" name="loginApp" time="44.506"/>
  <system-out/>
  <testcase classname="com.fusion.block1.GetExcels" name="loginApp" time="45.857"/>
  <system-out/>
  <testcase classname="com.fusion.block1.GetExcels" name="loginApp" time="45.078"/>
  <system-out/>
  <testcase classname="com.fusion.block1.GetExcels" name="loginApp" time="44.821"/>
  <system-out/>
  <testcase classname="com.fusion.block1.GetExcels" name="loginApp" time="44.895"/>
  <system-out/>
  <testcase classname="com.fusion.block1.GetExcels" name="loginApp" time="44.531"/>
  <system-out/>
  <testcase classname="com.fusion.block1.GetExcels" name="loginApp" time="44.696"/>
  <system-out/>
  <testcase classname="com.fusion.block1.GetExcels" name="loginApp" time="44.572"/>
  <system-out/>
  <testcase classname="com.fusion.block1.GetExcels" name="loginApp" time="45.158"/>
  <system-out/>
  <testcase classname="com.fusion.block1.GetExcels" name="loginApp" time="45.069"/>
  <system-out/>
  <testcase classname="com.fusion.block1.GetExcels" name="loginApp" time="45.147"/>
  <system-out/>
  <testcase classname="com.fusion.block1.GetExcels" name="loginApp" time="44.034"/>
  <system-out/>
  <testcase classname="com.fusion.block1.GetExcels" name="loginApp" time="44.901"/>
  <system-out/>
  <testcase classname="com.fusion.block1.GetExcels" name="loginApp" time="45.215"/>
  <system-out/>
  <testcase classname="com.fusion.block1.GetExcels" name="loginApp" time="44.504"/>
  <system-out/>
  <testcase classname="com.fusion.block1.GetExcels" name="loginApp" time="45.075"/>
  <system-out/>
  <testcase classname="com.fusion.block1.GetExcels" name="loginApp" time="44.083"/>
  <system-out/>
  <testcase classname="com.fusion.block1.GetExcels" name="loginApp" time="45.647"/>
  <system-out/>
  <testcase classname="com.fusion.block1.GetExcels" name="loginApp" time="45.776"/>
  <system-out/>
  <testcase classname="com.fusion.block1.GetExcels" name="loginApp" time="45.349"/>
  <system-out/>
  <testcase classname="com.fusion.block1.GetExcels" name="loginApp" time="45.750"/>
  <system-out/>
  <testcase classname="com.fusion.block1.GetExcels" name="loginApp" time="44.685"/>
  <system-out/>
  <testcase classname="com.fusion.block1.GetExcels" name="loginApp" time="45.320"/>
  <system-out/>
  <testcase classname="com.fusion.block1.GetExcels" name="loginApp" time="44.261"/>
  <system-out/>
  <testcase classname="com.fusion.block1.GetExcels" name="loginApp" time="54.482"/>
  <system-out/>
  <testcase classname="com.fusion.block1.GetExcels" name="loginApp" time="44.558"/>
  <system-out/>
  <testcase classname="com.fusion.block1.GetExcels" name="loginApp" time="44.759"/>
  <system-out/>
  <testcase classname="com.fusion.block1.GetExcels" name="loginApp" time="44.836"/>
  <system-out/>
  <testcase classname="com.fusion.block1.GetExcels" name="loginApp" time="45.627"/>
  <system-out/>
  <testcase classname="com.fusion.block1.GetExcels" name="loginApp" time="45.233"/>
  <system-out/>
  <testcase classname="com.fusion.block1.GetExcels" name="loginApp" time="45.362"/>
  <system-out/>
  <testcase classname="com.fusion.block1.GetExcels" name="loginApp" time="47.135"/>
  <system-out/>
  <testcase classname="com.fusion.block1.GetExcels" name="loginApp" time="45.549"/>
  <system-out/>
  <testcase classname="com.fusion.block1.GetExcels" name="loginApp" time="43.782"/>
  <system-out/>
  <testcase classname="com.fusion.block1.GetExcels" name="loginApp" time="44.432"/>
  <system-out/>
  <testcase classname="com.fusion.block1.GetExcels" name="loginApp" time="45.978"/>
  <system-out/>
  <testcase classname="com.fusion.block1.GetExcels" name="loginApp" time="45.276"/>
  <system-out/>
  <testcase classname="com.fusion.block1.GetExcels" name="loginApp" time="44.942"/>
  <system-out/>
  <testcase classname="com.fusion.block1.GetExcels" name="loginApp" time="44.759"/>
  <system-out/>
  <testcase classname="com.fusion.block1.GetExcels" name="loginApp" time="44.884"/>
  <system-out/>
  <testcase classname="com.fusion.block1.GetExcels" name="loginApp" time="47.382"/>
  <system-out/>
  <testcase classname="com.fusion.block1.GetExcels" name="loginApp" time="51.225"/>
  <system-out/>
  <testcase classname="com.fusion.block1.GetExcels" name="loginApp" time="45.222"/>
  <system-out/>
  <testcase classname="com.fusion.block1.GetExcels" name="loginApp" time="46.636"/>
  <system-out/>
  <testcase classname="com.fusion.block1.GetExcels" name="loginApp" time="45.088"/>
  <system-out/>
  <testcase classname="com.fusion.block1.GetExcels" name="loginApp" time="44.551"/>
  <system-out/>
  <testcase classname="com.fusion.block1.GetExcels" name="loginApp" time="45.163"/>
  <system-out/>
  <testcase classname="com.fusion.block1.GetExcels" name="loginApp" time="45.711"/>
  <system-out/>
  <testcase classname="com.fusion.block1.GetExcels" name="loginApp" time="44.886"/>
  <system-out/>
  <testcase classname="com.fusion.block1.GetExcels" name="loginApp" time="44.205"/>
  <system-out/>
  <testcase classname="com.fusion.block1.GetExcels" name="loginApp" time="45.178"/>
  <system-out/>
  <testcase classname="com.fusion.block1.GetExcels" name="loginApp" time="43.876"/>
  <system-out/>
  <testcase classname="com.fusion.block1.GetExcels" name="loginApp" time="45.407"/>
  <system-out/>
  <testcase classname="com.fusion.block1.GetExcels" name="loginApp" time="45.523"/>
  <system-out/>
  <testcase classname="com.fusion.block1.GetExcels" name="loginApp" time="43.114"/>
  <system-out/>
  <testcase classname="com.fusion.block1.GetExcels" name="loginApp" time="45.120"/>
  <system-out/>
  <testcase classname="com.fusion.block1.GetExcels" name="loginApp" time="44.094"/>
  <system-out/>
  <testcase classname="com.fusion.block1.GetExcels" name="loginApp" time="44.337"/>
  <system-out/>
  <testcase classname="com.fusion.block1.GetExcels" name="loginApp" time="43.477"/>
  <system-out/>
  <testcase classname="com.fusion.block1.GetExcels" name="loginApp" time="45.016"/>
  <system-out/>
  <testcase classname="com.fusion.block1.GetExcels" name="loginApp" time="45.550"/>
  <system-out/>
  <testcase classname="com.fusion.block1.GetExcels" name="loginApp" time="44.309"/>
  <system-out/>
  <testcase classname="com.fusion.block1.GetExcels" name="loginApp" time="44.609"/>
  <system-out/>
  <testcase classname="com.fusion.block1.GetExcels" name="loginApp" time="45.312"/>
  <system-out/>
  <testcase classname="com.fusion.block1.GetExcels" name="loginApp" time="43.110"/>
  <system-out/>
  <testcase classname="com.fusion.block1.GetExcels" name="loginApp" time="44.745"/>
  <system-out/>
  <testcase classname="com.fusion.block1.GetExcels" name="loginApp" time="45.967"/>
  <system-out/>
  <testcase classname="com.fusion.block1.GetExcels" name="loginApp" time="45.324"/>
  <system-out/>
  <testcase classname="com.fusion.block1.GetExcels" name="loginApp" time="44.129"/>
  <system-out/>
  <testcase classname="com.fusion.block1.GetExcels" name="loginApp" time="44.776"/>
  <system-out/>
  <testcase classname="com.fusion.block1.GetExcels" name="loginApp" time="45.166"/>
  <system-out/>
  <testcase classname="com.fusion.block1.GetExcels" name="loginApp" time="45.231"/>
  <system-out/>
  <testcase classname="com.fusion.block1.GetExcels" name="loginApp" time="44.438"/>
  <system-out/>
  <testcase classname="com.fusion.block1.GetExcels" name="loginApp" time="44.237"/>
  <system-out/>
  <testcase classname="com.fusion.block1.GetExcels" name="loginApp" time="46.101"/>
  <system-out/>
  <testcase classname="com.fusion.block1.GetExcels" name="loginApp" time="45.029"/>
  <system-out/>
  <testcase classname="com.fusion.block1.GetExcels" name="loginApp" time="44.983"/>
  <system-out/>
  <testcase classname="com.fusion.block1.GetExcels" name="loginApp" time="45.221"/>
  <system-out/>
  <testcase classname="com.fusion.block1.GetExcels" name="loginApp" time="45.107"/>
  <system-out/>
  <testcase classname="com.fusion.block1.GetExcels" name="loginApp" time="44.713"/>
  <system-out/>
  <testcase classname="com.fusion.block1.GetExcels" name="loginApp" time="45.455"/>
  <system-out/>
  <testcase classname="com.fusion.block1.GetExcels" name="loginApp" time="43.114"/>
  <system-out/>
  <testcase classname="com.fusion.block1.GetExcels" name="loginApp" time="46.764"/>
  <system-out/>
  <testcase classname="com.fusion.block1.GetExcels" name="loginApp" time="42.100"/>
  <system-out/>
  <testcase classname="com.fusion.block1.GetExcels" name="loginApp" time="44.982"/>
  <system-out/>
  <testcase classname="com.fusion.block1.GetExcels" name="loginApp" time="46.239"/>
  <system-out/>
  <testcase classname="com.fusion.block1.GetExcels" name="loginApp" time="45.054"/>
  <system-out/>
  <testcase classname="com.fusion.block1.GetExcels" name="loginApp" time="45.105"/>
  <system-out/>
  <testcase classname="com.fusion.block1.GetExcels" name="loginApp" time="42.962"/>
  <system-out/>
  <testcase classname="com.fusion.block1.GetExcels" name="loginApp" time="44.229"/>
  <system-out/>
  <testcase classname="com.fusion.block1.GetExcels" name="loginApp" time="45.561"/>
  <system-out/>
  <testcase classname="com.fusion.block1.GetExcels" name="loginApp" time="45.108"/>
  <system-out/>
  <testcase classname="com.fusion.block1.GetExcels" name="loginApp" time="45.629"/>
  <system-out/>
  <testcase classname="com.fusion.block1.GetExcels" name="loginApp" time="45.834"/>
  <system-out/>
  <testcase classname="com.fusion.block1.GetExcels" name="loginApp" time="45.228"/>
  <system-out/>
  <testcase classname="com.fusion.block1.GetExcels" name="loginApp" time="46.376"/>
  <system-out/>
  <testcase classname="com.fusion.block1.GetExcels" name="loginApp" time="44.756"/>
  <system-out/>
  <testcase classname="com.fusion.block1.GetExcels" name="loginApp" time="44.354"/>
  <system-out/>
  <testcase classname="com.fusion.block1.GetExcels" name="loginApp" time="45.441"/>
  <system-out/>
  <testcase classname="com.fusion.block1.GetExcels" name="loginApp" time="45.164"/>
  <system-out/>
  <testcase classname="com.fusion.block1.GetExcels" name="loginApp" time="46.604"/>
  <system-out/>
  <testcase classname="com.fusion.block1.GetExcels" name="loginApp" time="44.836"/>
  <system-out/>
  <testcase classname="com.fusion.block1.GetExcels" name="loginApp" time="45.732"/>
  <system-out/>
  <testcase classname="com.fusion.block1.GetExcels" name="loginApp" time="45.517"/>
  <system-out/>
  <testcase classname="com.fusion.block1.GetExcels" name="loginApp" time="44.505"/>
  <system-out/>
  <testcase classname="com.fusion.block1.GetExcels" name="loginApp" time="44.007"/>
  <system-out/>
  <testcase classname="com.fusion.block1.GetExcels" name="loginApp" time="44.196"/>
  <system-out/>
  <testcase classname="com.fusion.block1.GetExcels" name="loginApp" time="44.096"/>
  <system-out/>
  <testcase classname="com.fusion.block1.GetExcels" name="loginApp" time="43.997"/>
  <system-out/>
  <testcase classname="com.fusion.block1.GetExcels" name="loginApp" time="45.087"/>
  <system-out/>
  <testcase classname="com.fusion.block1.GetExcels" name="loginApp" time="45.992"/>
  <system-out/>
  <testcase classname="com.fusion.block1.GetExcels" name="loginApp" time="44.810"/>
  <system-out/>
  <testcase classname="com.fusion.block1.GetExcels" name="loginApp" time="45.105"/>
  <system-out/>
  <testcase classname="com.fusion.block1.GetExcels" name="loginApp" time="47.907"/>
  <system-out/>
  <testcase classname="com.fusion.block1.GetExcels" name="loginApp" time="45.773"/>
  <system-out/>
  <testcase classname="com.fusion.block1.GetExcels" name="loginApp" time="44.793"/>
  <system-out/>
  <testcase classname="com.fusion.block1.GetExcels" name="loginApp" time="44.526"/>
  <system-out/>
  <testcase classname="com.fusion.block1.GetExcels" name="loginApp" time="45.122"/>
  <system-out/>
  <testcase classname="com.fusion.block1.GetExcels" name="loginApp" time="45.507"/>
  <system-out/>
  <testcase classname="com.fusion.block1.GetExcels" name="loginApp" time="45.429"/>
  <system-out/>
  <testcase classname="com.fusion.block1.GetExcels" name="loginApp" time="44.362"/>
  <system-out/>
  <testcase classname="com.fusion.block1.GetExcels" name="loginApp" time="44.711"/>
  <system-out/>
  <testcase classname="com.fusion.block1.GetExcels" name="loginApp" time="45.278"/>
  <system-out/>
  <testcase classname="com.fusion.block1.GetExcels" name="loginApp" time="43.949"/>
  <system-out/>
  <testcase classname="com.fusion.block1.GetExcels" name="loginApp" time="44.679"/>
  <system-out/>
  <testcase classname="com.fusion.block1.GetExcels" name="loginApp" time="46.146"/>
  <system-out/>
  <testcase classname="com.fusion.block1.GetExcels" name="loginApp" time="45.115"/>
  <system-out/>
  <testcase classname="com.fusion.block1.GetExcels" name="loginApp" time="42.485"/>
  <system-out/>
  <testcase classname="com.fusion.block1.GetExcels" name="loginApp" time="45.714"/>
  <system-out/>
</testsuite> <!-- com.fusion.block1.GetExcels -->
