<?xml version="1.0" encoding="UTF-8"?>
<!-- Generated by org.testng.reporters.JUnitReportReporter -->
<testsuite hostname="BRILAP1418" failures="0" tests="1" name="com.fusion.block1.Datess" time="0.974" errors="0" timestamp="2021-10-26T22:44:55 IST" skipped="0">
  <testcase classname="com.fusion.block1.Datess" name="runData" time="0.974"/>
  <system-out/>
</testsuite> <!-- com.fusion.block1.Datess -->
