<?xml version="1.0" encoding="UTF-8"?>
<!-- Generated by org.testng.reporters.JUnitReportReporter -->
<testsuite hostname="BRILAP1418" failures="0" tests="1" name="com.fusion.block1.GetExcels" time="56.835" errors="0" timestamp="2021-10-28T12:19:13 IST" skipped="0">
  <testcase classname="com.fusion.block1.GetExcels" name="loginApp" time="56.835"/>
  <system-out/>
</testsuite> <!-- com.fusion.block1.GetExcels -->
